{"meta": {"format": 3, "version": "7.10.7", "timestamp": "2025-10-11T01:11:05.511171", "branch_coverage": false, "show_contexts": false}, "files": {"tools/orchestrator/retry_policy.py": {"executed_lines": [1, 13, 15, 16, 17, 18, 19, 21, 23, 25, 26, 29, 30, 40, 42, 43, 44, 45, 47, 87, 88, 96, 98, 99, 100, 102, 103, 122, 131, 132, 159, 160, 166, 182, 183, 185, 187, 188, 189, 190, 191, 196, 293, 370], "summary": {"covered_lines": 39, "num_statements": 121, "percent_covered": 32.231404958677686, "percent_covered_display": "32", "missing_lines": 82, "excluded_lines": 0}, "missing_lines": [74, 77, 80, 81, 82, 84, 119, 120, 129, 145, 146, 147, 149, 150, 151, 152, 153, 154, 156, 175, 176, 177, 178, 179, 233, 235, 236, 238, 239, 240, 241, 243, 244, 247, 248, 250, 252, 255, 262, 264, 265, 266, 269, 271, 272, 275, 277, 278, 281, 282, 285, 288, 289, 318, 320, 321, 323, 324, 325, 326, 328, 329, 332, 333, 335, 337, 340, 347, 349, 350, 351, 353, 354, 355, 357, 358, 359, 362, 363, 364, 366, 367], "excluded_lines": [], "functions": {"RetryPolicy.compute_delay": {"executed_lines": [], "summary": {"covered_lines": 0, "num_statements": 6, "percent_covered": 0.0, "percent_covered_display": "0", "missing_lines": 6, "excluded_lines": 0}, "missing_lines": [74, 77, 80, 81, 82, 84], "excluded_lines": []}, "IdempotencyKey.generate": {"executed_lines": [], "summary": {"covered_lines": 0, "num_statements": 2, "percent_covered": 0.0, "percent_covered_display": "0", "missing_lines": 2, "excluded_lines": 0}, "missing_lines": [119, 120], "excluded_lines": []}, "IdempotencyKey.to_string": {"executed_lines": [], "summary": {"covered_lines": 0, "num_statements": 1, "percent_covered": 0.0, "percent_covered_display": "0", "missing_lines": 1, "excluded_lines": 0}, "missing_lines": [129], "excluded_lines": []}, "IdempotencyKey.from_string": {"executed_lines": [], "summary": {"covered_lines": 0, "num_statements": 10, "percent_covered": 0.0, "percent_covered_display": "0", "missing_lines": 10, "excluded_lines": 0}, "missing_lines": [145, 146, 147, 149, 150, 151, 152, 153, 154, 156], "excluded_lines": []}, "RetryExhausted.__init__": {"executed_lines": [], "summary": {"covered_lines": 0, "num_statements": 5, "percent_covered": 0.0, "percent_covered_display": "0", "missing_lines": 5, "excluded_lines": 0}, "missing_lines": [175, 176, 177, 178, 179], "excluded_lines": []}, "retry_with_policy": {"executed_lines": [], "summary": {"covered_lines": 0, "num_statements": 28, "percent_covered": 0.0, "percent_covered_display": "0", "missing_lines": 28, "excluded_lines": 0}, "missing_lines": [233, 235, 238, 239, 240, 241, 243, 244, 247, 248, 250, 252, 255, 262, 264, 265, 266, 269, 271, 272, 275, 277, 278, 281, 282, 285, 288, 289], "excluded_lines": []}, "retry_with_policy.should_retry": {"executed_lines": [], "summary": {"covered_lines": 0, "num_statements": 1, "percent_covered": 0.0, "percent_covered_display": "0", "missing_lines": 1, "excluded_lines": 0}, "missing_lines": [236], "excluded_lines": []}, "retry_with_policy_sync": {"executed_lines": [], "summary": {"covered_lines": 0, "num_statements": 28, "percent_covered": 0.0, "percent_covered_display": "0", "missing_lines": 28, "excluded_lines": 0}, "missing_lines": [318, 320, 323, 324, 325, 326, 328, 329, 332, 333, 335, 337, 340, 347, 349, 350, 351, 353, 354, 355, 357, 358, 359, 362, 363, 364, 366, 367], "excluded_lines": []}, "retry_with_policy_sync.should_retry": {"executed_lines": [], "summary": {"covered_lines": 0, "num_statements": 1, "percent_covered": 0.0, "percent_covered_display": "0", "missing_lines": 1, "excluded_lines": 0}, "missing_lines": [321], "excluded_lines": []}, "": {"executed_lines": [1, 13, 15, 16, 17, 18, 19, 21, 23, 25, 26, 29, 30, 40, 42, 43, 44, 45, 47, 87, 88, 96, 98, 99, 100, 102, 103, 122, 131, 132, 159, 160, 166, 182, 183, 185, 187, 188, 189, 190, 191, 196, 293, 370], "summary": {"covered_lines": 39, "num_statements": 39, "percent_covered": 100.0, "percent_covered_display": "100", "missing_lines": 0, "excluded_lines": 0}, "missing_lines": [], "excluded_lines": []}}, "classes": {"RetryPolicy": {"executed_lines": [], "summary": {"covered_lines": 0, "num_statements": 6, "percent_covered": 0.0, "percent_covered_display": "0", "missing_lines": 6, "excluded_lines": 0}, "missing_lines": [74, 77, 80, 81, 82, 84], "excluded_lines": []}, "IdempotencyKey": {"executed_lines": [], "summary": {"covered_lines": 0, "num_statements": 13, "percent_covered": 0.0, "percent_covered_display": "0", "missing_lines": 13, "excluded_lines": 0}, "missing_lines": [119, 120, 129, 145, 146, 147, 149, 150, 151, 152, 153, 154, 156], "excluded_lines": []}, "RetryExhausted": {"executed_lines": [], "summary": {"covered_lines": 0, "num_statements": 5, "percent_covered": 0.0, "percent_covered_display": "0", "missing_lines": 5, "excluded_lines": 0}, "missing_lines": [175, 176, 177, 178, 179], "excluded_lines": []}, "RetryMetrics": {"executed_lines": [], "summary": {"covered_lines": 0, "num_statements": 0, "percent_covered": 100.0, "percent_covered_display": "100", "missing_lines": 0, "excluded_lines": 0}, "missing_lines": [], "excluded_lines": []}, "": {"executed_lines": [1, 13, 15, 16, 17, 18, 19, 21, 23, 25, 26, 29, 30, 40, 42, 43, 44, 45, 47, 87, 88, 96, 98, 99, 100, 102, 103, 122, 131, 132, 159, 160, 166, 182, 183, 185, 187, 188, 189, 190, 191, 196, 293, 370], "summary": {"covered_lines": 39, "num_statements": 97, "percent_covered": 40.20618556701031, "percent_covered_display": "40", "missing_lines": 58, "excluded_lines": 0}, "missing_lines": [233, 235, 236, 238, 239, 240, 241, 243, 244, 247, 248, 250, 252, 255, 262, 264, 265, 266, 269, 271, 272, 275, 277, 278, 281, 282, 285, 288, 289, 318, 320, 321, 323, 324, 325, 326, 328, 329, 332, 333, 335, 337, 340, 347, 349, 350, 351, 353, 354, 355, 357, 358, 359, 362, 363, 364, 366, 367], "excluded_lines": []}}}}, "totals": {"covered_lines": 39, "num_statements": 121, "percent_covered": 32.231404958677686, "percent_covered_display": "32", "missing_lines": 82, "excluded_lines": 0}}